<?xml version="1.0" encoding="utf-8"?><testsuites><testsuite name="pytest" errors="0" failures="0" skipped="0" tests="7" time="25.219" timestamp="2023-06-27T21:46:29.054598" hostname="MacBook-Pro-van-Luca.local"><testcase classname="src.tests.test_features.TestFeatureDistribution" name="test_monitoring_invariants" time="0.066" /><testcase classname="src.tests.test_infrastructure.TestInfrastructure" name="test_pipeline" time="1.869" /><testcase classname="src.tests.test_model_capabilities.TestCapabilities" name="test_model_on_food_data_slice" time="0.072" /><testcase classname="src.tests.test_monitoring.TestMonitoring" name="test_memory_usage_during_training" time="0.033" /><testcase classname="src.tests.test_monitoring.TestMonitoring" name="test_time_to_train" time="0.029" /><testcase classname="src.tests.test_mutamorphic.TestMutamorphic" name="test_word_mutations" time="15.884" /><testcase classname="src.tests.test_robustness.TestRobustness" name="test_non_determinism_robustness" time="0.134" /></testsuite></testsuites>